#
# There is insufficient memory for the Java Runtime Environment to continue.
# Native memory allocation (malloc) failed to allocate 245456 bytes. Error detail: Chunk::new
# Possible reasons:
#   The system is out of physical RAM or swap space
#   This process is running with CompressedOops enabled, and the Java Heap may be blocking the growth of the native heap
# Possible solutions:
#   Reduce memory load on the system
#   Increase physical memory or swap space
#   Check if swap backing store is full
#   Decrease Java heap size (-Xmx/-Xms)
#   Decrease number of Java threads
#   Decrease Java thread stack sizes (-Xss)
#   Set larger code cache with -XX:ReservedCodeCacheSize=
#   JVM is running with Unscaled Compressed Oops mode in which the Java heap is
#     placed in the first 4GB address space. The Java Heap base address is the
#     maximum limit for the native heap growth. Please use -XX:HeapBaseMinAddress
#     to set the Java Heap base and to place the Java Heap above 4GB virtual address.
# This output file may be truncated or incomplete.
#
#  Out of Memory Error (arena.cpp:168), pid=14624, tid=14048
#
# JRE version: OpenJDK Runtime Environment Temurin-21.0.10+7 (21.0.10+7) (build 21.0.10+7-LTS)
# Java VM: OpenJDK 64-Bit Server VM Temurin-21.0.10+7 (21.0.10+7-LTS, mixed mode, sharing, tiered, compressed oops, compressed class ptrs, parallel gc, windows-amd64)
# No core dump will be written. Minidumps are not enabled by default on client versions of Windows
#

---------------  S U M M A R Y ------------

Command Line: --add-modules=ALL-SYSTEM --add-opens=java.base/java.util=ALL-UNNAMED --add-opens=java.base/java.lang=ALL-UNNAMED --add-opens=java.base/sun.nio.fs=ALL-UNNAMED -Declipse.application=org.eclipse.jdt.ls.core.id1 -Dosgi.bundles.defaultStartLevel=4 -Declipse.product=org.eclipse.jdt.ls.core.product -Djava.import.generatesMetadataFilesAtProjectRoot=false -DDetectVMInstallationsJob.disabled=true -Dfile.encoding=utf8 -XX:+UseParallelGC -XX:GCTimeRatio=4 -XX:AdaptiveSizePolicyWeight=90 -Dsun.zip.disableMemoryMapping=true -Xmx2G -Xms100m -Xlog:disable -javaagent:c:\Users\Lenovo\.vscode\extensions\redhat.java-1.54.0-win32-x64\lombok\lombok-1.18.39-4050.jar -XX:+HeapDumpOnOutOfMemoryError -XX:HeapDumpPath=c:\Users\Lenovo\AppData\Roaming\Code\User\workspaceStorage\1e098f0ea054f958dc6b3fc76d7fbb2b\redhat.java -Daether.dependencyCollector.impl=bf c:\Users\Lenovo\.vscode\extensions\redhat.java-1.54.0-win32-x64\server\plugins\org.eclipse.equinox.launcher_1.7.100.v20251111-0406.jar -configuration c:\Users\Lenovo\AppData\Roaming\Code\User\globalStorage\redhat.java\1.54.0\config_win -data c:\Users\Lenovo\AppData\Roaming\Code\User\workspaceStorage\1e098f0ea054f958dc6b3fc76d7fbb2b\redhat.java\jdt_ws --pipe=\\.\pipe\lsp-9551b8487653a54ea2d7da6d465643a0-sock

Host: 11th Gen Intel(R) Core(TM) i3-1115G4 @ 3.00GHz, 4 cores, 7G,  Windows 11 , 64 bit Build 22000 (10.0.22000.2538)
Time: Wed Jun 24 23:31:33 2026 SE Asia Standard Time elapsed time: 31.777619 seconds (0d 0h 0m 31s)

---------------  T H R E A D  ---------------

Current thread (0x000001ea68883de0):  JavaThread "C2 CompilerThread0" daemon [_thread_in_native, id=14048, stack(0x000000d7b8800000,0x000000d7b8900000) (1024K)]


Current CompileTask:
C2:31777 4831   !   4       org.eclipse.osgi.internal.loader.classpath.ClasspathManager::findClassImpl (328 bytes)

Stack: [0x000000d7b8800000,0x000000d7b8900000]
Native frames: (J=compiled Java code, j=interpreted, Vv=VM code, C=native code)
V  [jvm.dll+0x6d7a39]
V  [jvm.dll+0x8b4b26]
V  [jvm.dll+0x8b70de]
V  [jvm.dll+0x8b77c3]
V  [jvm.dll+0x284346]
V  [jvm.dll+0xc66ed]
V  [jvm.dll+0xc6c31]
V  [jvm.dll+0x5df041]
V  [jvm.dll+0x38b191]
V  [jvm.dll+0x38a5aa]
V  [jvm.dll+0x24c560]
V  [jvm.dll+0x24bb40]
V  [jvm.dll+0x1cb34e]
V  [jvm.dll+0x25b85d]
V  [jvm.dll+0x259dea]
V  [jvm.dll+0x3f857e]
V  [jvm.dll+0x85f59d]
V  [jvm.dll+0x6d626d]
C  [ucrtbase.dll+0x26c0c]
C  [KERNEL32.DLL+0x153e0]
C  [ntdll.dll+0x485b]


---------------  P R O C E S S  ---------------

Threads class SMR info:
_java_thread_list=0x000001ea473c0690, length=32, elements={
0x000001ea6898bae0, 0x000001ea68875730, 0x000001ea68877090, 0x000001ea6887b3a0,
0x000001ea6887e2c0, 0x000001ea688800e0, 0x000001ea68881c40, 0x000001ea68883de0,
0x000001ea688b3e30, 0x000001ea451174d0, 0x000001ea45267420, 0x000001ea45bd02f0,
0x000001ea4579f920, 0x000001ea456a63e0, 0x000001ea45abf9f0, 0x000001ea459364f0,
0x000001ea465a5200, 0x000001ea465a44e0, 0x000001ea465a4b70, 0x000001ea465a1d80,
0x000001ea465a2410, 0x000001ea465a2aa0, 0x000001ea465a3130, 0x000001ea465a37c0,
0x000001ea465a3e50, 0x000001ea46b90780, 0x000001ea46b8e020, 0x000001ea46b92ee0,
0x000001ea46b94fb0, 0x000001ea46b92850, 0x000001ea46b94290, 0x000001ea46b90e10
}

Java Threads: ( => current thread )
  0x000001ea6898bae0 JavaThread "main"                              [_thread_in_vm, id=8692, stack(0x000000d7b7e00000,0x000000d7b7f00000) (1024K)]
  0x000001ea68875730 JavaThread "Reference Handler"          daemon [_thread_blocked, id=11040, stack(0x000000d7b8200000,0x000000d7b8300000) (1024K)]
  0x000001ea68877090 JavaThread "Finalizer"                  daemon [_thread_blocked, id=19208, stack(0x000000d7b8300000,0x000000d7b8400000) (1024K)]
  0x000001ea6887b3a0 JavaThread "Signal Dispatcher"          daemon [_thread_blocked, id=23352, stack(0x000000d7b8400000,0x000000d7b8500000) (1024K)]
  0x000001ea6887e2c0 JavaThread "Attach Listener"            daemon [_thread_blocked, id=17228, stack(0x000000d7b8500000,0x000000d7b8600000) (1024K)]
  0x000001ea688800e0 JavaThread "Service Thread"             daemon [_thread_blocked, id=16444, stack(0x000000d7b8600000,0x000000d7b8700000) (1024K)]
  0x000001ea68881c40 JavaThread "Monitor Deflation Thread"   daemon [_thread_blocked, id=18060, stack(0x000000d7b8700000,0x000000d7b8800000) (1024K)]
=>0x000001ea68883de0 JavaThread "C2 CompilerThread0"         daemon [_thread_in_native, id=14048, stack(0x000000d7b8800000,0x000000d7b8900000) (1024K)]
  0x000001ea688b3e30 JavaThread "C1 CompilerThread0"         daemon [_thread_blocked, id=21796, stack(0x000000d7b8900000,0x000000d7b8a00000) (1024K)]
  0x000001ea451174d0 JavaThread "Common-Cleaner"             daemon [_thread_blocked, id=4144, stack(0x000000d7b8a00000,0x000000d7b8b00000) (1024K)]
  0x000001ea45267420 JavaThread "Notification Thread"        daemon [_thread_blocked, id=18240, stack(0x000000d7b8b00000,0x000000d7b8c00000) (1024K)]
  0x000001ea45bd02f0 JavaThread "Active Thread: Equinox Container: f5c32e17-c45c-4dd4-a694-a8663d9580e7"        [_thread_blocked, id=19340, stack(0x000000d7b9400000,0x000000d7b9500000) (1024K)]
  0x000001ea4579f920 JavaThread "Framework Event Dispatcher: Equinox Container: f5c32e17-c45c-4dd4-a694-a8663d9580e7" daemon [_thread_blocked, id=3120, stack(0x000000d7b8c00000,0x000000d7b8d00000) (1024K)]
  0x000001ea456a63e0 JavaThread "Start Level: Equinox Container: f5c32e17-c45c-4dd4-a694-a8663d9580e7" daemon [_thread_blocked, id=10044, stack(0x000000d7b9000000,0x000000d7b9100000) (1024K)]
  0x000001ea45abf9f0 JavaThread "Bundle File Closer"         daemon [_thread_blocked, id=12776, stack(0x000000d7b9200000,0x000000d7b9300000) (1024K)]
  0x000001ea459364f0 JavaThread "Refresh Thread: Equinox Container: f5c32e17-c45c-4dd4-a694-a8663d9580e7" daemon [_thread_blocked, id=23288, stack(0x000000d7b9300000,0x000000d7b9400000) (1024K)]
  0x000001ea465a5200 JavaThread "SCR Component Actor"        daemon [_thread_blocked, id=6920, stack(0x000000d7b9100000,0x000000d7b9200000) (1024K)]
  0x000001ea465a44e0 JavaThread "Worker-JM"                         [_thread_blocked, id=16584, stack(0x000000d7b9500000,0x000000d7b9600000) (1024K)]
  0x000001ea465a4b70 JavaThread "Worker-0: Initialize After Load"        [_thread_blocked, id=10340, stack(0x000000d7b7c00000,0x000000d7b7d00000) (1024K)]
  0x000001ea465a1d80 JavaThread "Worker-1: Updating Maven Dependencies"        [_thread_blocked, id=7228, stack(0x000000d7b9600000,0x000000d7b9700000) (1024K)]
  0x000001ea465a2410 JavaThread "Java indexing"              daemon [_thread_blocked, id=15040, stack(0x000000d7b9700000,0x000000d7b9800000) (1024K)]
  0x000001ea465a2aa0 JavaThread "JNA Cleaner"                daemon [_thread_blocked, id=512, stack(0x000000d7b9800000,0x000000d7b9900000) (1024K)]
  0x000001ea465a3130 JavaThread "Worker-2: Repository registry initialization"        [_thread_in_Java, id=7628, stack(0x000000d7b9900000,0x000000d7b9a00000) (1024K)]
  0x000001ea465a37c0 JavaThread "Worker-3: Loading available Gradle versions"        [_thread_in_vm, id=22204, stack(0x000000d7b9a00000,0x000000d7b9b00000) (1024K)]
  0x000001ea465a3e50 JavaThread "Worker-4"                          [_thread_blocked, id=22800, stack(0x000000d7b9b00000,0x000000d7b9c00000) (1024K)]
  0x000001ea46b90780 JavaThread "Worker-5"                          [_thread_blocked, id=22792, stack(0x000000d7b9c00000,0x000000d7b9d00000) (1024K)]
  0x000001ea46b8e020 JavaThread "Thread-1"                   daemon [_thread_in_native, id=23100, stack(0x000000d7b9d00000,0x000000d7b9e00000) (1024K)]
  0x000001ea46b92ee0 JavaThread "Thread-2"                   daemon [_thread_in_native, id=13912, stack(0x000000d7b9e00000,0x000000d7b9f00000) (1024K)]
  0x000001ea46b94fb0 JavaThread "Thread-3"                   daemon [_thread_in_native, id=2544, stack(0x000000d7b9f00000,0x000000d7ba000000) (1024K)]
  0x000001ea46b92850 JavaThread "Thread-4"                   daemon [_thread_in_native, id=840, stack(0x000000d7ba000000,0x000000d7ba100000) (1024K)]
  0x000001ea46b94290 JavaThread "Thread-5"                   daemon [_thread_in_native, id=20296, stack(0x000000d7ba100000,0x000000d7ba200000) (1024K)]
  0x000001ea46b90e10 JavaThread "pool-2-thread-1"                   [_thread_blocked, id=8784, stack(0x000000d7ba200000,0x000000d7ba300000) (1024K)]
Total: 32

Other Threads:
  0x000001ea68859af0 VMThread "VM Thread"                           [id=10632, stack(0x000000d7b8100000,0x000000d7b8200000) (1024K)]
  0x000001ea687d1920 WatcherThread "VM Periodic Task Thread"        [id=12716, stack(0x000000d7b8000000,0x000000d7b8100000) (1024K)]
  0x000001ea689a9e60 WorkerThread "GC Thread#0"                     [id=12080, stack(0x000000d7b7f00000,0x000000d7b8000000) (1024K)]
  0x000001ea4579e5a0 WorkerThread "GC Thread#1"                     [id=8500, stack(0x000000d7b8d00000,0x000000d7b8e00000) (1024K)]
  0x000001ea4579e950 WorkerThread "GC Thread#2"                     [id=3880, stack(0x000000d7b8e00000,0x000000d7b8f00000) (1024K)]
  0x000001ea452a14c0 WorkerThread "GC Thread#3"                     [id=5816, stack(0x000000d7b8f00000,0x000000d7b9000000) (1024K)]
Total: 6

Threads with active compile tasks:
C2 CompilerThread0  31804 4831   !   4       org.eclipse.osgi.internal.loader.classpath.ClasspathManager::findClassImpl (328 bytes)
Total: 1

VM state: not at safepoint (normal execution)

VM Mutex/Monitor currently owned by a thread: None

Heap address: 0x0000000080000000, size: 2048 MB, Compressed Oops mode: 32-bit

CDS archive(s) mapped at: [0x000001ea00000000-0x000001ea00ba0000-0x000001ea00ba0000), size 12189696, SharedBaseAddress: 0x000001ea00000000, ArchiveRelocationMode: 1.
Compressed class space mapped at: 0x000001ea01000000-0x000001ea41000000, reserved size: 1073741824
Narrow klass base: 0x000001ea00000000, Narrow klass shift: 0, Narrow klass range: 0x100000000

GC Precious Log:
 CardTable entry size: 512
 CPUs: 4 total, 4 available
 Memory: 7991M
 Large Page Support: Disabled
 NUMA Support: Disabled
 Compressed Oops: Enabled (32-bit)
 Alignments: Space 512K, Generation 512K, Heap 2M
 Heap Min Capacity: 100M
 Heap Initial Capacity: 100M
 Heap Max Capacity: 2G
 Pre-touch: Disabled
 Parallel Workers: 4

Heap:
 PSYoungGen      total 24064K, used 21692K [0x00000000d5580000, 0x00000000d7000000, 0x0000000100000000)
  eden space 22016K, 98% used [0x00000000d5580000,0x00000000d6aaf1c0,0x00000000d6b00000)
  from space 2048K, 0% used [0x00000000d6c80000,0x00000000d6c80000,0x00000000d6e80000)
  to   space 1024K, 0% used [0x00000000d6f00000,0x00000000d6f00000,0x00000000d7000000)
 ParOldGen       total 68608K, used 17971K [0x0000000080000000, 0x0000000084300000, 0x00000000d5580000)
  object space 68608K, 26% used [0x0000000080000000,0x000000008118cc40,0x0000000084300000)
 Metaspace       used 36623K, committed 37696K, reserved 1114112K
  class space    used 3782K, committed 4224K, reserved 1048576K

Card table byte_map: [0x000001ea68340000,0x000001ea68750000] _byte_map_base: 0x000001ea67f40000

Marking Bits: (ParMarkBitMap*) 0x00007ff9dd413450
 Begin Bits: [0x000001ea7ae50000, 0x000001ea7ce50000)
 End Bits:   [0x000001ea7ce50000, 0x000001ea7ee50000)

Polling page: 0x000001ea66850000

Metaspace:

Usage:
  Non-class:     32.07 MB used.
      Class:      3.69 MB used.
       Both:     35.76 MB used.

Virtual space:
  Non-class space:       64.00 MB reserved,      32.69 MB ( 51%) committed,  1 nodes.
      Class space:        1.00 GB reserved,       4.12 MB ( <1%) committed,  1 nodes.
             Both:        1.06 GB reserved,      36.81 MB (  3%) committed. 

Chunk freelists:
   Non-Class:  15.22 MB
       Class:  11.84 MB
        Both:  27.06 MB

MaxMetaspaceSize: unlimited
CompressedClassSpaceSize: 1.00 GB
Initial GC threshold: 21.00 MB
Current GC threshold: 58.38 MB
CDS: on
 - commit_granule_bytes: 65536.
 - commit_granule_words: 8192.
 - virtual_space_node_default_size: 8388608.
 - enlarge_chunks_in_place: 1.
 - use_allocation_guard: 0.


Internal statistics:

num_allocs_failed_limit: 6.
num_arena_births: 722.
num_arena_deaths: 14.
num_vsnodes_births: 2.
num_vsnodes_deaths: 0.
num_space_committed: 589.
num_space_uncommitted: 0.
num_chunks_returned_to_freelist: 20.
num_chunks_taken_from_freelist: 2168.
num_chunk_merges: 10.
num_chunk_splits: 1390.
num_chunks_enlarged: 864.
num_inconsistent_stats: 0.

CodeHeap 'non-profiled nmethods': size=120000Kb used=1868Kb max_used=2319Kb free=118131Kb
 bounds [0x000001ea73670000, 0x000001ea738e0000, 0x000001ea7aba0000]
CodeHeap 'profiled nmethods': size=120000Kb used=9510Kb max_used=10779Kb free=110489Kb
 bounds [0x000001ea6bba0000, 0x000001ea6c630000, 0x000001ea730d0000]
CodeHeap 'non-nmethods': size=5760Kb used=1364Kb max_used=1384Kb free=4395Kb
 bounds [0x000001ea730d0000, 0x000001ea73340000, 0x000001ea73670000]
CodeCache: size=245760Kb, used=12742Kb, max_used=14482Kb, free=233015Kb
 total_blobs=5187, nmethods=4537, adapters=556, full_count=0
Compilation: enabled, stopped_count=0, restarted_count=0

Compilation events (20 events):
Event: 31.769 Thread 0x000001ea688b3e30 nmethod 5120 0x000001ea6bc28090 code [0x000001ea6bc28340, 0x000001ea6bc29058]
Event: 31.769 Thread 0x000001ea688b3e30 5121       3       sun.nio.cs.StreamDecoder::lockedRead0 (95 bytes)
Event: 31.769 Thread 0x000001ea688b3e30 nmethod 5121 0x000001ea6bd5f990 code [0x000001ea6bd5fb60, 0x000001ea6bd5fed0]
Event: 31.769 Thread 0x000001ea688b3e30 5112       2       sun.reflect.generics.tree.ClassTypeSignature::<init> (10 bytes)
Event: 31.769 Thread 0x000001ea688b3e30 nmethod 5112 0x000001ea6bc77f10 code [0x000001ea6bc780a0, 0x000001ea6bc781c0]
Event: 31.769 Thread 0x000001ea688b3e30 5115       2       org.eclipse.lsp4j.jsonrpc.services.AnnotationUtil::createMethodInfo (51 bytes)
Event: 31.770 Thread 0x000001ea688b3e30 nmethod 5115 0x000001ea6c0bcd10 code [0x000001ea6c0bcfa0, 0x000001ea6c0bd6e0]
Event: 31.770 Thread 0x000001ea688b3e30 5113   !   2       sun.nio.cs.StreamDecoder::read0 (59 bytes)
Event: 31.771 Thread 0x000001ea688b3e30 nmethod 5113 0x000001ea6c1ea110 code [0x000001ea6c1ea340, 0x000001ea6c1ea808]
Event: 31.771 Thread 0x000001ea688b3e30 5110       2       sun.reflect.generics.parser.SignatureParser::parseTypeArgument (135 bytes)
Event: 31.771 Thread 0x000001ea688b3e30 nmethod 5110 0x000001ea6bd76510 code [0x000001ea6bd76780, 0x000001ea6bd77168]
Event: 31.771 Thread 0x000001ea688b3e30 5117       1       sun.reflect.generics.tree.MethodTypeSignature::getParameterTypes (5 bytes)
Event: 31.771 Thread 0x000001ea688b3e30 nmethod 5117 0x000001ea736cf690 code [0x000001ea736cf820, 0x000001ea736cf8e8]
Event: 31.772 Thread 0x000001ea688b3e30 5122       2       org.codehaus.plexus.util.xml.pull.MXParser::isS (30 bytes)
Event: 31.772 Thread 0x000001ea688b3e30 nmethod 5122 0x000001ea6bfb4610 code [0x000001ea6bfb47a0, 0x000001ea6bfb48c0]
Event: 31.772 Thread 0x000001ea688b3e30 5123       2       org.codehaus.plexus.util.xml.pull.MXParser::isNameStartChar (56 bytes)
Event: 31.772 Thread 0x000001ea688b3e30 nmethod 5123 0x000001ea6bfb4090 code [0x000001ea6bfb4220, 0x000001ea6bfb43a8]
Event: 31.772 Thread 0x000001ea688b3e30 5125       2       org.codehaus.plexus.util.xml.pull.MXParser::parseEndTag (438 bytes)
Event: 31.774 Thread 0x000001ea688b3e30 nmethod 5125 0x000001ea6c07b910 code [0x000001ea6c07bd80, 0x000001ea6c07d108]
Event: 31.774 Thread 0x000001ea688b3e30 5126       2       org.codehaus.plexus.util.xml.pull.MXParser::parseStartTag (1205 bytes)

GC Heap History (20 events):
Event: 30.294 GC heap before
{Heap before GC invocations=8 (full 0):
 PSYoungGen      total 28672K, used 28446K [0x00000000d5580000, 0x00000000d7780000, 0x0000000100000000)
  eden space 23552K, 99% used [0x00000000d5580000,0x00000000d6c7ffe8,0x00000000d6c80000)
  from space 5120K, 95% used [0x00000000d6d00000,0x00000000d71c7838,0x00000000d7200000)
  to   space 5632K, 0% used [0x00000000d7200000,0x00000000d7200000,0x00000000d7780000)
 ParOldGen       total 68608K, used 8080K [0x0000000080000000, 0x0000000084300000, 0x00000000d5580000)
  object space 68608K, 11% used [0x0000000080000000,0x00000000807e4050,0x0000000084300000)
 Metaspace       used 19724K, committed 20416K, reserved 1114112K
  class space    used 2043K, committed 2304K, reserved 1048576K
}
Event: 30.298 GC heap after
{Heap after GC invocations=8 (full 0):
 PSYoungGen      total 28160K, used 4671K [0x00000000d5580000, 0x00000000d7700000, 0x0000000100000000)
  eden space 23040K, 0% used [0x00000000d5580000,0x00000000d5580000,0x00000000d6c00000)
  from space 5120K, 91% used [0x00000000d7200000,0x00000000d768fd60,0x00000000d7700000)
  to   space 5120K, 0% used [0x00000000d6d00000,0x00000000d6d00000,0x00000000d7200000)
 ParOldGen       total 68608K, used 8639K [0x0000000080000000, 0x0000000084300000, 0x00000000d5580000)
  object space 68608K, 12% used [0x0000000080000000,0x000000008086fc18,0x0000000084300000)
 Metaspace       used 19724K, committed 20416K, reserved 1114112K
  class space    used 2043K, committed 2304K, reserved 1048576K
}
Event: 30.364 GC heap before
{Heap before GC invocations=9 (full 0):
 PSYoungGen      total 28160K, used 11739K [0x00000000d5580000, 0x00000000d7700000, 0x0000000100000000)
  eden space 23040K, 30% used [0x00000000d5580000,0x00000000d5c66ed8,0x00000000d6c00000)
  from space 5120K, 91% used [0x00000000d7200000,0x00000000d768fd60,0x00000000d7700000)
  to   space 5120K, 0% used [0x00000000d6d00000,0x00000000d6d00000,0x00000000d7200000)
 ParOldGen       total 68608K, used 8639K [0x0000000080000000, 0x0000000084300000, 0x00000000d5580000)
  object space 68608K, 12% used [0x0000000080000000,0x000000008086fc18,0x0000000084300000)
 Metaspace       used 20838K, committed 21504K, reserved 1114112K
  class space    used 2135K, committed 2432K, reserved 1048576K
}
Event: 30.367 GC heap after
{Heap after GC invocations=9 (full 0):
 PSYoungGen      total 26624K, used 3219K [0x00000000d5580000, 0x00000000d7400000, 0x0000000100000000)
  eden space 23040K, 0% used [0x00000000d5580000,0x00000000d5580000,0x00000000d6c00000)
  from space 3584K, 89% used [0x00000000d6d00000,0x00000000d7024c78,0x00000000d7080000)
  to   space 3584K, 0% used [0x00000000d7080000,0x00000000d7080000,0x00000000d7400000)
 ParOldGen       total 68608K, used 10514K [0x0000000080000000, 0x0000000084300000, 0x00000000d5580000)
  object space 68608K, 15% used [0x0000000080000000,0x0000000080a44910,0x0000000084300000)
 Metaspace       used 20838K, committed 21504K, reserved 1114112K
  class space    used 2135K, committed 2432K, reserved 1048576K
}
Event: 30.367 GC heap before
{Heap before GC invocations=10 (full 1):
 PSYoungGen      total 26624K, used 3219K [0x00000000d5580000, 0x00000000d7400000, 0x0000000100000000)
  eden space 23040K, 0% used [0x00000000d5580000,0x00000000d5580000,0x00000000d6c00000)
  from space 3584K, 89% used [0x00000000d6d00000,0x00000000d7024c78,0x00000000d7080000)
  to   space 3584K, 0% used [0x00000000d7080000,0x00000000d7080000,0x00000000d7400000)
 ParOldGen       total 68608K, used 10514K [0x0000000080000000, 0x0000000084300000, 0x00000000d5580000)
  object space 68608K, 15% used [0x0000000080000000,0x0000000080a44910,0x0000000084300000)
 Metaspace       used 20838K, committed 21504K, reserved 1114112K
  class space    used 2135K, committed 2432K, reserved 1048576K
}
Event: 30.402 GC heap after
{Heap after GC invocations=10 (full 1):
 PSYoungGen      total 26624K, used 0K [0x00000000d5580000, 0x00000000d7400000, 0x0000000100000000)
  eden space 23040K, 0% used [0x00000000d5580000,0x00000000d5580000,0x00000000d6c00000)
  from space 3584K, 0% used [0x00000000d6d00000,0x00000000d6d00000,0x00000000d7080000)
  to   space 3584K, 0% used [0x00000000d7080000,0x00000000d7080000,0x00000000d7400000)
 ParOldGen       total 68608K, used 12755K [0x0000000080000000, 0x0000000084300000, 0x00000000d5580000)
  object space 68608K, 18% used [0x0000000080000000,0x0000000080c74fd8,0x0000000084300000)
 Metaspace       used 20825K, committed 21504K, reserved 1114112K
  class space    used 2131K, committed 2432K, reserved 1048576K
}
Event: 30.535 GC heap before
{Heap before GC invocations=11 (full 1):
 PSYoungGen      total 26624K, used 23040K [0x00000000d5580000, 0x00000000d7400000, 0x0000000100000000)
  eden space 23040K, 100% used [0x00000000d5580000,0x00000000d6c00000,0x00000000d6c00000)
  from space 3584K, 0% used [0x00000000d6d00000,0x00000000d6d00000,0x00000000d7080000)
  to   space 3584K, 0% used [0x00000000d7080000,0x00000000d7080000,0x00000000d7400000)
 ParOldGen       total 68608K, used 12755K [0x0000000080000000, 0x0000000084300000, 0x00000000d5580000)
  object space 68608K, 18% used [0x0000000080000000,0x0000000080c74fd8,0x0000000084300000)
 Metaspace       used 23120K, committed 23872K, reserved 1114112K
  class space    used 2272K, committed 2624K, reserved 1048576K
}
Event: 30.536 GC heap after
{Heap after GC invocations=11 (full 1):
 PSYoungGen      total 23040K, used 128K [0x00000000d5580000, 0x00000000d7100000, 0x0000000100000000)
  eden space 22528K, 0% used [0x00000000d5580000,0x00000000d5580000,0x00000000d6b80000)
  from space 512K, 25% used [0x00000000d7080000,0x00000000d70a0000,0x00000000d7100000)
  to   space 1536K, 0% used [0x00000000d6e00000,0x00000000d6e00000,0x00000000d6f80000)
 ParOldGen       total 68608K, used 12755K [0x0000000080000000, 0x0000000084300000, 0x00000000d5580000)
  object space 68608K, 18% used [0x0000000080000000,0x0000000080c74fd8,0x0000000084300000)
 Metaspace       used 23120K, committed 23872K, reserved 1114112K
  class space    used 2272K, committed 2624K, reserved 1048576K
}
Event: 30.669 GC heap before
{Heap before GC invocations=12 (full 1):
 PSYoungGen      total 23040K, used 22656K [0x00000000d5580000, 0x00000000d7100000, 0x0000000100000000)
  eden space 22528K, 100% used [0x00000000d5580000,0x00000000d6b80000,0x00000000d6b80000)
  from space 512K, 25% used [0x00000000d7080000,0x00000000d70a0000,0x00000000d7100000)
  to   space 1536K, 0% used [0x00000000d6e00000,0x00000000d6e00000,0x00000000d6f80000)
 ParOldGen       total 68608K, used 12755K [0x0000000080000000, 0x0000000084300000, 0x00000000d5580000)
  object space 68608K, 18% used [0x0000000080000000,0x0000000080c74fd8,0x0000000084300000)
 Metaspace       used 25528K, committed 26304K, reserved 1114112K
  class space    used 2461K, committed 2816K, reserved 1048576K
}
Event: 30.670 GC heap after
{Heap after GC invocations=12 (full 1):
 PSYoungGen      total 23552K, used 1211K [0x00000000d5580000, 0x00000000d7100000, 0x0000000100000000)
  eden space 22016K, 0% used [0x00000000d5580000,0x00000000d5580000,0x00000000d6b00000)
  from space 1536K, 78% used [0x00000000d6e00000,0x00000000d6f2eda0,0x00000000d6f80000)
  to   space 1536K, 0% used [0x00000000d6f80000,0x00000000d6f80000,0x00000000d7100000)
 ParOldGen       total 68608K, used 13605K [0x0000000080000000, 0x0000000084300000, 0x00000000d5580000)
  object space 68608K, 19% used [0x0000000080000000,0x0000000080d495d0,0x0000000084300000)
 Metaspace       used 25528K, committed 26304K, reserved 1114112K
  class space    used 2461K, committed 2816K, reserved 1048576K
}
Event: 31.070 GC heap before
{Heap before GC invocations=13 (full 1):
 PSYoungGen      total 23552K, used 23227K [0x00000000d5580000, 0x00000000d7100000, 0x0000000100000000)
  eden space 22016K, 100% used [0x00000000d5580000,0x00000000d6b00000,0x00000000d6b00000)
  from space 1536K, 78% used [0x00000000d6e00000,0x00000000d6f2eda0,0x00000000d6f80000)
  to   space 1536K, 0% used [0x00000000d6f80000,0x00000000d6f80000,0x00000000d7100000)
 ParOldGen       total 68608K, used 13605K [0x0000000080000000, 0x0000000084300000, 0x00000000d5580000)
  object space 68608K, 19% used [0x0000000080000000,0x0000000080d495d0,0x0000000084300000)
 Metaspace       used 28010K, committed 28800K, reserved 1114112K
  class space    used 2681K, committed 3008K, reserved 1048576K
}
Event: 31.072 GC heap after
{Heap after GC invocations=13 (full 1):
 PSYoungGen      total 23552K, used 1422K [0x00000000d5580000, 0x00000000d7100000, 0x0000000100000000)
  eden space 22016K, 0% used [0x00000000d5580000,0x00000000d5580000,0x00000000d6b00000)
  from space 1536K, 92% used [0x00000000d6f80000,0x00000000d70e3bf8,0x00000000d7100000)
  to   space 1536K, 0% used [0x00000000d6e00000,0x00000000d6e00000,0x00000000d6f80000)
 ParOldGen       total 68608K, used 14664K [0x0000000080000000, 0x0000000084300000, 0x00000000d5580000)
  object space 68608K, 21% used [0x0000000080000000,0x0000000080e522c0,0x0000000084300000)
 Metaspace       used 28010K, committed 28800K, reserved 1114112K
  class space    used 2681K, committed 3008K, reserved 1048576K
}
Event: 31.413 GC heap before
{Heap before GC invocations=14 (full 1):
 PSYoungGen      total 23552K, used 23438K [0x00000000d5580000, 0x00000000d7100000, 0x0000000100000000)
  eden space 22016K, 100% used [0x00000000d5580000,0x00000000d6b00000,0x00000000d6b00000)
  from space 1536K, 92% used [0x00000000d6f80000,0x00000000d70e3bf8,0x00000000d7100000)
  to   space 1536K, 0% used [0x00000000d6e00000,0x00000000d6e00000,0x00000000d6f80000)
 ParOldGen       total 68608K, used 14664K [0x0000000080000000, 0x0000000084300000, 0x00000000d5580000)
  object space 68608K, 21% used [0x0000000080000000,0x0000000080e522c0,0x0000000084300000)
 Metaspace       used 31256K, committed 32256K, reserved 1114112K
  class space    used 3066K, committed 3520K, reserved 1048576K
}
Event: 31.416 GC heap after
{Heap after GC invocations=14 (full 1):
 PSYoungGen      total 23552K, used 1530K [0x00000000d5580000, 0x00000000d7200000, 0x0000000100000000)
  eden space 22016K, 0% used [0x00000000d5580000,0x00000000d5580000,0x00000000d6b00000)
  from space 1536K, 99% used [0x00000000d6e00000,0x00000000d6f7e8a0,0x00000000d6f80000)
  to   space 2560K, 0% used [0x00000000d6f80000,0x00000000d6f80000,0x00000000d7200000)
 ParOldGen       total 68608K, used 16071K [0x0000000080000000, 0x0000000084300000, 0x00000000d5580000)
  object space 68608K, 23% used [0x0000000080000000,0x0000000080fb1fe0,0x0000000084300000)
 Metaspace       used 31256K, committed 32256K, reserved 1114112K
  class space    used 3066K, committed 3520K, reserved 1048576K
}
Event: 31.588 GC heap before
{Heap before GC invocations=15 (full 1):
 PSYoungGen      total 23552K, used 23546K [0x00000000d5580000, 0x00000000d7200000, 0x0000000100000000)
  eden space 22016K, 100% used [0x00000000d5580000,0x00000000d6b00000,0x00000000d6b00000)
  from space 1536K, 99% used [0x00000000d6e00000,0x00000000d6f7e8a0,0x00000000d6f80000)
  to   space 2560K, 0% used [0x00000000d6f80000,0x00000000d6f80000,0x00000000d7200000)
 ParOldGen       total 68608K, used 16071K [0x0000000080000000, 0x0000000084300000, 0x00000000d5580000)
  object space 68608K, 23% used [0x0000000080000000,0x0000000080fb1fe0,0x0000000084300000)
 Metaspace       used 34440K, committed 35456K, reserved 1114112K
  class space    used 3506K, committed 3904K, reserved 1048576K
}
Event: 31.591 GC heap after
{Heap after GC invocations=15 (full 1):
 PSYoungGen      total 23040K, used 864K [0x00000000d5580000, 0x00000000d7080000, 0x0000000100000000)
  eden space 22016K, 0% used [0x00000000d5580000,0x00000000d5580000,0x00000000d6b00000)
  from space 1024K, 84% used [0x00000000d6f80000,0x00000000d7058000,0x00000000d7080000)
  to   space 2048K, 0% used [0x00000000d6c80000,0x00000000d6c80000,0x00000000d6e80000)
 ParOldGen       total 68608K, used 17515K [0x0000000080000000, 0x0000000084300000, 0x00000000d5580000)
  object space 68608K, 25% used [0x0000000080000000,0x000000008111ad70,0x0000000084300000)
 Metaspace       used 34440K, committed 35456K, reserved 1114112K
  class space    used 3506K, committed 3904K, reserved 1048576K
}
Event: 31.614 GC heap before
{Heap before GC invocations=16 (full 1):
 PSYoungGen      total 23040K, used 3765K [0x00000000d5580000, 0x00000000d7080000, 0x0000000100000000)
  eden space 22016K, 13% used [0x00000000d5580000,0x00000000d5855528,0x00000000d6b00000)
  from space 1024K, 84% used [0x00000000d6f80000,0x00000000d7058000,0x00000000d7080000)
  to   space 2048K, 0% used [0x00000000d6c80000,0x00000000d6c80000,0x00000000d6e80000)
 ParOldGen       total 68608K, used 17515K [0x0000000080000000, 0x0000000084300000, 0x00000000d5580000)
  object space 68608K, 25% used [0x0000000080000000,0x000000008111ad70,0x0000000084300000)
 Metaspace       used 34791K, committed 35840K, reserved 1114112K
  class space    used 3552K, committed 4032K, reserved 1048576K
}
Event: 31.615 GC heap after
{Heap after GC invocations=16 (full 1):
 PSYoungGen      total 24064K, used 214K [0x00000000d5580000, 0x00000000d7000000, 0x0000000100000000)
  eden space 22016K, 0% used [0x00000000d5580000,0x00000000d5580000,0x00000000d6b00000)
  from space 2048K, 10% used [0x00000000d6c80000,0x00000000d6cb5aa0,0x00000000d6e80000)
  to   space 1024K, 0% used [0x00000000d6f00000,0x00000000d6f00000,0x00000000d7000000)
 ParOldGen       total 68608K, used 18222K [0x0000000080000000, 0x0000000084300000, 0x00000000d5580000)
  object space 68608K, 26% used [0x0000000080000000,0x00000000811cb900,0x0000000084300000)
 Metaspace       used 34791K, committed 35840K, reserved 1114112K
  class space    used 3552K, committed 4032K, reserved 1048576K
}
Event: 31.615 GC heap before
{Heap before GC invocations=17 (full 2):
 PSYoungGen      total 24064K, used 214K [0x00000000d5580000, 0x00000000d7000000, 0x0000000100000000)
  eden space 22016K, 0% used [0x00000000d5580000,0x00000000d5580000,0x00000000d6b00000)
  from space 2048K, 10% used [0x00000000d6c80000,0x00000000d6cb5aa0,0x00000000d6e80000)
  to   space 1024K, 0% used [0x00000000d6f00000,0x00000000d6f00000,0x00000000d7000000)
 ParOldGen       total 68608K, used 18222K [0x0000000080000000, 0x0000000084300000, 0x00000000d5580000)
  object space 68608K, 26% used [0x0000000080000000,0x00000000811cb900,0x0000000084300000)
 Metaspace       used 34791K, committed 35840K, reserved 1114112K
  class space    used 3552K, committed 4032K, reserved 1048576K
}
Event: 31.670 GC heap after
{Heap after GC invocations=17 (full 2):
 PSYoungGen      total 24064K, used 0K [0x00000000d5580000, 0x00000000d7000000, 0x0000000100000000)
  eden space 22016K, 0% used [0x00000000d5580000,0x00000000d5580000,0x00000000d6b00000)
  from space 2048K, 0% used [0x00000000d6c80000,0x00000000d6c80000,0x00000000d6e80000)
  to   space 1024K, 0% used [0x00000000d6f00000,0x00000000d6f00000,0x00000000d7000000)
 ParOldGen       total 68608K, used 17971K [0x0000000080000000, 0x0000000084300000, 0x00000000d5580000)
  object space 68608K, 26% used [0x0000000080000000,0x000000008118cc40,0x0000000084300000)
 Metaspace       used 34791K, committed 35840K, reserved 1114112K
  class space    used 3552K, committed 4032K, reserved 1048576K
}

Dll operation events (12 events):
Event: 0.174 Loaded shared library c:\Users\Lenovo\.vscode\extensions\redhat.java-1.54.0-win32-x64\jre\21.0.10-win32-x86_64\bin\java.dll
Event: 0.347 Loaded shared library c:\Users\Lenovo\.vscode\extensions\redhat.java-1.54.0-win32-x64\jre\21.0.10-win32-x86_64\bin\zip.dll
Event: 0.398 Loaded shared library C:\Users\Lenovo\.vscode\extensions\redhat.java-1.54.0-win32-x64\jre\21.0.10-win32-x86_64\bin\instrument.dll
Event: 0.449 Loaded shared library C:\Users\Lenovo\.vscode\extensions\redhat.java-1.54.0-win32-x64\jre\21.0.10-win32-x86_64\bin\net.dll
Event: 0.502 Loaded shared library C:\Users\Lenovo\.vscode\extensions\redhat.java-1.54.0-win32-x64\jre\21.0.10-win32-x86_64\bin\nio.dll
Event: 0.506 Loaded shared library C:\Users\Lenovo\.vscode\extensions\redhat.java-1.54.0-win32-x64\jre\21.0.10-win32-x86_64\bin\zip.dll
Event: 0.533 Loaded shared library C:\Users\Lenovo\.vscode\extensions\redhat.java-1.54.0-win32-x64\jre\21.0.10-win32-x86_64\bin\jimage.dll
Event: 0.682 Loaded shared library c:\Users\Lenovo\.vscode\extensions\redhat.java-1.54.0-win32-x64\jre\21.0.10-win32-x86_64\bin\verify.dll
Event: 15.903 Loaded shared library C:\Users\Lenovo\AppData\Roaming\Code\User\globalStorage\redhat.java\1.54.0\config_win\org.eclipse.equinox.launcher\org.eclipse.equinox.launcher.win32.win32.x86_64_1.3.0.v20260203-2149\eclipse_11919.dll
Event: 29.815 Loaded shared library C:\Users\Lenovo\.vscode\extensions\redhat.java-1.54.0-win32-x64\jre\21.0.10-win32-x86_64\bin\management.dll
Event: 29.817 Loaded shared library C:\Users\Lenovo\.vscode\extensions\redhat.java-1.54.0-win32-x64\jre\21.0.10-win32-x86_64\bin\management_ext.dll
Event: 31.264 Loaded shared library C:\Users\Lenovo\AppData\Local\Temp\jna--2022488749\jna2236889964713838113.dll

Deoptimization events (20 events):
Event: 31.680 Thread 0x000001ea465a37c0 Uncommon trap: trap_request=0xffffffde fr.pc=0x000001ea737c2eac relative=0x000000000000186c
Event: 31.680 Thread 0x000001ea465a37c0 Uncommon trap: reason=class_check action=maybe_recompile pc=0x000001ea737c2eac method=java.lang.String.<init>(Ljava/nio/charset/Charset;[BII)V @ 509 c2
Event: 31.680 Thread 0x000001ea465a37c0 DEOPT PACKING pc=0x000001ea737c2eac sp=0x000000d7b9afd460
Event: 31.680 Thread 0x000001ea465a37c0 DEOPT UNPACKING pc=0x000001ea73126da2 sp=0x000000d7b9afd408 mode 2
Event: 31.682 Thread 0x000001ea465a37c0 Uncommon trap: trap_request=0xffffffde fr.pc=0x000001ea737c2eac relative=0x000000000000186c
Event: 31.682 Thread 0x000001ea465a37c0 Uncommon trap: reason=class_check action=maybe_recompile pc=0x000001ea737c2eac method=java.lang.String.<init>(Ljava/nio/charset/Charset;[BII)V @ 509 c2
Event: 31.682 Thread 0x000001ea465a37c0 DEOPT PACKING pc=0x000001ea737c2eac sp=0x000000d7b9afd460
Event: 31.682 Thread 0x000001ea465a37c0 DEOPT UNPACKING pc=0x000001ea73126da2 sp=0x000000d7b9afd408 mode 2
Event: 31.723 Thread 0x000001ea465a3130 Uncommon trap: trap_request=0xffffff45 fr.pc=0x000001ea7371b668 relative=0x00000000000008a8
Event: 31.723 Thread 0x000001ea465a3130 Uncommon trap: reason=unstable_if action=reinterpret pc=0x000001ea7371b668 method=jdk.internal.org.objectweb.asm.SymbolTable.put(Ljdk/internal/org/objectweb/asm/SymbolTable$Entry;)Ljdk/internal/org/objectweb/asm/SymbolTable$Entry; @ 13 c2
Event: 31.723 Thread 0x000001ea465a3130 DEOPT PACKING pc=0x000001ea7371b668 sp=0x000000d7b99fd950
Event: 31.723 Thread 0x000001ea465a3130 DEOPT UNPACKING pc=0x000001ea73126da2 sp=0x000000d7b99fd868 mode 2
Event: 31.739 Thread 0x000001ea465a3130 Uncommon trap: trap_request=0xffffffc6 fr.pc=0x000001ea737f284c relative=0x00000000000010ec
Event: 31.739 Thread 0x000001ea465a3130 Uncommon trap: reason=bimorphic_or_optimized_type_check action=maybe_recompile pc=0x000001ea737f284c method=java.util.Properties$LineReader.readLine()I @ 70 c2
Event: 31.739 Thread 0x000001ea465a3130 DEOPT PACKING pc=0x000001ea737f284c sp=0x000000d7b99fda60
Event: 31.739 Thread 0x000001ea465a3130 DEOPT UNPACKING pc=0x000001ea73126da2 sp=0x000000d7b99fda00 mode 2
Event: 31.775 Thread 0x000001ea465a3130 Uncommon trap: trap_request=0xffffff45 fr.pc=0x000001ea7381aed4 relative=0x0000000000000134
Event: 31.775 Thread 0x000001ea465a3130 Uncommon trap: reason=unstable_if action=reinterpret pc=0x000001ea7381aed4 method=java.util.ArrayList.indexOfRange(Ljava/lang/Object;II)I @ 7 c2
Event: 31.775 Thread 0x000001ea465a3130 DEOPT PACKING pc=0x000001ea7381aed4 sp=0x000000d7b99fe5c0
Event: 31.775 Thread 0x000001ea465a3130 DEOPT UNPACKING pc=0x000001ea73126da2 sp=0x000000d7b99fe480 mode 2

Classes loaded (20 events):
Event: 31.681 Loading class sun/security/x509/SubjectAlternativeNameExtension
Event: 31.681 Loading class sun/security/x509/SubjectAlternativeNameExtension done
Event: 31.681 Loading class sun/security/x509/RFC822Name
Event: 31.682 Loading class sun/security/x509/RFC822Name done
Event: 31.688 Loading class sun/security/x509/NetscapeCertTypeExtension
Event: 31.689 Loading class sun/security/x509/NetscapeCertTypeExtension done
Event: 31.689 Loading class sun/security/x509/NetscapeCertTypeExtension$MapEntry
Event: 31.689 Loading class sun/security/x509/NetscapeCertTypeExtension$MapEntry done
Event: 31.703 Loading class sun/security/x509/PrivateKeyUsageExtension
Event: 31.703 Loading class sun/security/x509/PrivateKeyUsageExtension done
Event: 31.718 Loading class java/math/BigDecimal
Event: 31.719 Loading class java/math/BigDecimal done
Event: 31.738 Loading class java/util/concurrent/atomic/AtomicIntegerArray
Event: 31.738 Loading class java/util/concurrent/atomic/AtomicIntegerArray done
Event: 31.739 Loading class java/util/Currency
Event: 31.740 Loading class java/util/Currency done
Event: 31.746 Loading class java/util/concurrent/atomic/AtomicLongArray
Event: 31.746 Loading class java/util/concurrent/atomic/AtomicLongArray done
Event: 31.753 Loading class java/lang/annotation/IncompleteAnnotationException
Event: 31.753 Loading class java/lang/annotation/IncompleteAnnotationException done

Classes unloaded (7 events):
Event: 30.374 Thread 0x000001ea68859af0 Unloading class 0x000001ea011b5000 'java/lang/invoke/LambdaForm$MH+0x000001ea011b5000'
Event: 30.374 Thread 0x000001ea68859af0 Unloading class 0x000001ea011b4c00 'java/lang/invoke/LambdaForm$MH+0x000001ea011b4c00'
Event: 30.374 Thread 0x000001ea68859af0 Unloading class 0x000001ea011b4800 'java/lang/invoke/LambdaForm$MH+0x000001ea011b4800'
Event: 30.374 Thread 0x000001ea68859af0 Unloading class 0x000001ea011b4400 'java/lang/invoke/LambdaForm$MH+0x000001ea011b4400'
Event: 30.374 Thread 0x000001ea68859af0 Unloading class 0x000001ea011b4000 'java/lang/invoke/LambdaForm$BMH+0x000001ea011b4000'
Event: 30.374 Thread 0x000001ea68859af0 Unloading class 0x000001ea011b3c00 'java/lang/invoke/LambdaForm$DMH+0x000001ea011b3c00'
Event: 30.374 Thread 0x000001ea68859af0 Unloading class 0x000001ea011b2800 'java/lang/invoke/LambdaForm$DMH+0x000001ea011b2800'

Classes redefined (0 events):
No events

Internal exceptions (20 events):
Event: 31.332 Thread 0x000001ea465a3130 Exception <a 'java/lang/NoSuchMethodError'{0x00000000d600d6b8}: 'int java.lang.invoke.DirectMethodHandle$Holder.invokeStaticInit(java.lang.Object, float, float)'> (0x00000000d600d6b8) 
thrown [s\src\hotspot\share\interpreter\linkResolver.cpp, line 773]
Event: 31.332 Thread 0x000001ea465a3130 Exception <a 'java/lang/NoSuchMethodError'{0x00000000d60356c0}: 'int java.lang.invoke.DirectMethodHandle$Holder.invokeStaticInit(java.lang.Object, double, double)'> (0x00000000d60356c0) 
thrown [s\src\hotspot\share\interpreter\linkResolver.cpp, line 773]
Event: 31.333 Thread 0x000001ea465a3130 Exception <a 'java/lang/NoSuchMethodError'{0x00000000d60399b0}: 'int java.lang.invoke.DirectMethodHandle$Holder.invokeStatic(java.lang.Object, long)'> (0x00000000d60399b0) 
thrown [s\src\hotspot\share\interpreter\linkResolver.cpp, line 773]
Event: 31.334 Thread 0x000001ea465a3130 Exception <a 'java/lang/NoSuchMethodError'{0x00000000d6070688}: 'int java.lang.invoke.DirectMethodHandle$Holder.invokeSpecial(java.lang.Object, java.lang.Object, int, int)'> (0x00000000d6070688) 
thrown [s\src\hotspot\share\interpreter\linkResolver.cpp, line 773]
Event: 31.334 Thread 0x000001ea465a3130 Exception <a 'java/lang/NoSuchMethodError'{0x00000000d607dfd8}: 'int java.lang.invoke.Invokers$Holder.linkToTargetMethod(java.lang.Object, java.lang.Object)'> (0x00000000d607dfd8) 
thrown [s\src\hotspot\share\interpreter\linkResolver.cpp, line 773]
Event: 31.336 Thread 0x000001ea465a1d80 Exception <a 'java/lang/NoSuchMethodError'{0x00000000d60e25f0}: 'int java.lang.invoke.DirectMethodHandle$Holder.invokeSpecial(java.lang.Object, java.lang.Object, java.lang.Object, java.lang.Object)'> (0x00000000d60e25f0) 
thrown [s\src\hotspot\share\interpreter\linkResolver.cpp, line 773]
Event: 31.337 Thread 0x000001ea465a1d80 Exception <a 'java/lang/NoSuchMethodError'{0x00000000d60f0850}: 'java.lang.Object java.lang.invoke.DirectMethodHandle$Holder.invokeStatic(java.lang.Object, int, java.lang.Object, java.lang.Object)'> (0x00000000d60f0850) 
thrown [s\src\hotspot\share\interpreter\linkResolver.cpp, line 773]
Event: 31.337 Thread 0x000001ea465a1d80 Exception <a 'java/lang/NoSuchMethodError'{0x00000000d60f44f8}: 'java.lang.Object java.lang.invoke.DelegatingMethodHandle$Holder.delegate(java.lang.Object, int, java.lang.Object, java.lang.Object)'> (0x00000000d60f44f8) 
thrown [s\src\hotspot\share\interpreter\linkResolver.cpp, line 773]
Event: 31.339 Thread 0x000001ea465a1d80 Exception <a 'java/lang/NoSuchMethodError'{0x00000000d6135538}: 'int java.lang.invoke.Invokers$Holder.linkToTargetMethod(java.lang.Object, java.lang.Object, java.lang.Object)'> (0x00000000d6135538) 
thrown [s\src\hotspot\share\interpreter\linkResolver.cpp, line 773]
Event: 31.366 Thread 0x000001ea6898bae0 Exception <a 'java/io/FileNotFoundException'{0x00000000d64ff690}> (0x00000000d64ff690) 
thrown [s\src\hotspot\share\prims\jni.cpp, line 520]
Event: 31.370 Thread 0x000001ea465a3130 Exception <a 'java/lang/NoSuchMethodError'{0x00000000d65bca48}: 'java.lang.Object java.lang.invoke.DirectMethodHandle$Holder.invokeSpecialIFC(java.lang.Object, java.lang.Object, java.lang.Object, java.lang.Object)'> (0x00000000d65bca48) 
thrown [s\src\hotspot\share\interpreter\linkResolver.cpp, line 773]
Event: 31.422 Thread 0x000001ea6898bae0 Exception <a 'java/lang/NoSuchMethodError'{0x00000000d570a228}: 'java.lang.Object java.lang.invoke.DirectMethodHandle$Holder.invokeStatic(java.lang.Object, long, java.lang.Object)'> (0x00000000d570a228) 
thrown [s\src\hotspot\share\interpreter\linkResolver.cpp, line 773]
Event: 31.423 Thread 0x000001ea6898bae0 Exception <a 'java/lang/NoSuchMethodError'{0x00000000d574e720}: 'java.lang.Object java.lang.invoke.DirectMethodHandle$Holder.invokeStaticInit(java.lang.Object, long, java.lang.Object)'> (0x00000000d574e720) 
thrown [s\src\hotspot\share\interpreter\linkResolver.cpp, line 773]
Event: 31.423 Thread 0x000001ea6898bae0 Exception <a 'java/lang/NoSuchMethodError'{0x00000000d5753eb0}: 'java.lang.Object java.lang.invoke.DirectMethodHandle$Holder.newInvokeSpecial(java.lang.Object, long)'> (0x00000000d5753eb0) 
thrown [s\src\hotspot\share\interpreter\linkResolver.cpp, line 773]
Event: 31.464 Thread 0x000001ea465a37c0 Exception <a 'sun/nio/fs/WindowsException'{0x00000000d5c11d78}> (0x00000000d5c11d78) 
thrown [s\src\hotspot\share\prims\jni.cpp, line 520]
Event: 31.593 Thread 0x000001ea465a37c0 Implicit null exception at 0x000001ea73897f06 to 0x000001ea73897ffc
Event: 31.753 Thread 0x000001ea465a3130 Exception <a 'java/lang/NoClassDefFoundError'{0x00000000d64054f8}: javax/enterprise/inject/Typed> (0x00000000d64054f8) 
thrown [s\src\hotspot\share\classfile\systemDictionary.cpp, line 301]
Event: 31.765 Thread 0x000001ea6898bae0 Exception <a 'java/lang/NoSuchMethodError'{0x00000000d6519708}: 'void java.lang.invoke.DirectMethodHandle$Holder.invokeSpecial(java.lang.Object, java.lang.Object, java.lang.Object, java.lang.Object, java.lang.Object, java.lang.Object)'> (0x00000000d6519708) 
thrown [s\src\hotspot\share\interpreter\linkResolver.cpp, line 773]
Event: 31.766 Thread 0x000001ea6898bae0 Exception <a 'java/lang/IncompatibleClassChangeError'{0x00000000d655b7c8}: Found class java.lang.Object, but interface was expected> (0x00000000d655b7c8) 
thrown [s\src\hotspot\share\interpreter\linkResolver.cpp, line 840]
Event: 31.767 Thread 0x000001ea6898bae0 Exception <a 'java/lang/IncompatibleClassChangeError'{0x00000000d655d610}: Found class java.lang.Object, but interface was expected> (0x00000000d655d610) 
thrown [s\src\hotspot\share\interpreter\linkResolver.cpp, line 840]

ZGC Phase Switch (0 events):
No events

VM Operations (20 events):
Event: 31.137 Executing non-safepoint VM operation: HandshakeAllThreads (Deoptimize)
Event: 31.137 Executing non-safepoint VM operation: HandshakeAllThreads (Deoptimize) done
Event: 31.276 Executing non-safepoint VM operation: HandshakeAllThreads (Deoptimize)
Event: 31.276 Executing non-safepoint VM operation: HandshakeAllThreads (Deoptimize) done
Event: 31.340 Executing non-safepoint VM operation: HandshakeAllThreads (Deoptimize)
Event: 31.343 Executing non-safepoint VM operation: HandshakeAllThreads (Deoptimize) done
Event: 31.394 Executing non-safepoint VM operation: HandshakeAllThreads (Deoptimize)
Event: 31.399 Executing non-safepoint VM operation: HandshakeAllThreads (Deoptimize) done
Event: 31.412 Executing safepoint VM operation: ParallelGCFailedAllocation (Allocation Failure)
Event: 31.416 Executing safepoint VM operation: ParallelGCFailedAllocation (Allocation Failure) done
Event: 31.466 Executing non-safepoint VM operation: HandshakeAllThreads (Deoptimize)
Event: 31.469 Executing non-safepoint VM operation: HandshakeAllThreads (Deoptimize) done
Event: 31.588 Executing safepoint VM operation: ParallelGCFailedAllocation (Allocation Failure)
Event: 31.591 Executing safepoint VM operation: ParallelGCFailedAllocation (Allocation Failure) done
Event: 31.613 Executing safepoint VM operation: CollectForMetadataAllocation (Metadata GC Threshold)
Event: 31.670 Executing safepoint VM operation: CollectForMetadataAllocation (Metadata GC Threshold) done
Event: 31.677 Executing non-safepoint VM operation: HandshakeAllThreads (Deoptimize)
Event: 31.677 Executing non-safepoint VM operation: HandshakeAllThreads (Deoptimize) done
Event: 31.746 Executing non-safepoint VM operation: HandshakeAllThreads (Deoptimize)
Event: 31.746 Executing non-safepoint VM operation: HandshakeAllThreads (Deoptimize) done

Memory protections (0 events):
No events

Nmethod flushes (20 events):
Event: 31.635 Thread 0x000001ea68859af0 flushing  nmethod 0x000001ea6c2c0190
Event: 31.635 Thread 0x000001ea68859af0 flushing  nmethod 0x000001ea6c300410
Event: 31.635 Thread 0x000001ea68859af0 flushing  nmethod 0x000001ea6c308d10
Event: 31.635 Thread 0x000001ea68859af0 flushing  nmethod 0x000001ea6c309810
Event: 31.635 Thread 0x000001ea68859af0 flushing  nmethod 0x000001ea6c30d990
Event: 31.635 Thread 0x000001ea68859af0 flushing  nmethod 0x000001ea6c30f810
Event: 31.635 Thread 0x000001ea68859af0 flushing  nmethod 0x000001ea6c312d90
Event: 31.635 Thread 0x000001ea68859af0 flushing  nmethod 0x000001ea6c377510
Event: 31.635 Thread 0x000001ea68859af0 flushing  nmethod 0x000001ea6c391190
Event: 31.635 Thread 0x000001ea68859af0 flushing  nmethod 0x000001ea6c391590
Event: 31.635 Thread 0x000001ea68859af0 flushing  nmethod 0x000001ea6c391e90
Event: 31.635 Thread 0x000001ea68859af0 flushing  nmethod 0x000001ea6c393090
Event: 31.635 Thread 0x000001ea68859af0 flushing  nmethod 0x000001ea6c393890
Event: 31.635 Thread 0x000001ea68859af0 flushing  nmethod 0x000001ea6c395590
Event: 31.635 Thread 0x000001ea68859af0 flushing  nmethod 0x000001ea6c397f10
Event: 31.635 Thread 0x000001ea68859af0 flushing  nmethod 0x000001ea6c398910
Event: 31.635 Thread 0x000001ea68859af0 flushing  nmethod 0x000001ea6c399290
Event: 31.635 Thread 0x000001ea68859af0 flushing  nmethod 0x000001ea6c3bfa10
Event: 31.635 Thread 0x000001ea68859af0 flushing  nmethod 0x000001ea6c3e0390
Event: 31.635 Thread 0x000001ea68859af0 flushing  nmethod 0x000001ea6c41fa90

Events (20 events):
Event: 26.273 Thread 0x000001ea451b3650 Thread exited: 0x000001ea451b3650
Event: 26.295 Thread 0x000001ea453f55c0 Thread exited: 0x000001ea453f55c0
Event: 26.295 Thread 0x000001ea450f3230 Thread exited: 0x000001ea450f3230
Event: 26.295 Thread 0x000001ea450f38a0 Thread exited: 0x000001ea450f38a0
Event: 29.303 Thread 0x000001ea456a63e0 Thread added: 0x000001ea465a5200
Event: 29.700 Thread 0x000001ea456a63e0 Thread added: 0x000001ea465a44e0
Event: 29.871 Thread 0x000001ea456a63e0 Thread added: 0x000001ea465a4b70
Event: 29.887 Thread 0x000001ea456a63e0 Thread added: 0x000001ea465a1d80
Event: 30.769 Thread 0x000001ea456a63e0 Thread added: 0x000001ea465a2410
Event: 31.280 Thread 0x000001ea456a63e0 Thread added: 0x000001ea465a2aa0
Event: 31.318 Thread 0x000001ea465a1d80 Thread added: 0x000001ea465a3130
Event: 31.321 Thread 0x000001ea465a3130 Thread added: 0x000001ea465a37c0
Event: 31.369 Thread 0x000001ea465a37c0 Thread added: 0x000001ea465a3e50
Event: 31.406 Thread 0x000001ea465a3e50 Thread added: 0x000001ea46b90780
Event: 31.451 Thread 0x000001ea6898bae0 Thread added: 0x000001ea46b8e020
Event: 31.452 Thread 0x000001ea6898bae0 Thread added: 0x000001ea46b92ee0
Event: 31.452 Thread 0x000001ea6898bae0 Thread added: 0x000001ea46b94fb0
Event: 31.452 Thread 0x000001ea6898bae0 Thread added: 0x000001ea46b92850
Event: 31.452 Thread 0x000001ea6898bae0 Thread added: 0x000001ea46b94290
Event: 31.473 Thread 0x000001ea6898bae0 Thread added: 0x000001ea46b90e10


Dynamic libraries:
0x00007ff60f260000 - 0x00007ff60f26e000 	c:\Users\Lenovo\.vscode\extensions\redhat.java-1.54.0-win32-x64\jre\21.0.10-win32-x86_64\bin\java.exe
0x00007ffa86ae0000 - 0x00007ffa86ce9000 	C:\Windows\SYSTEM32\ntdll.dll
0x00007ffa84e90000 - 0x00007ffa84f4d000 	C:\Windows\System32\KERNEL32.DLL
0x00007ffa84470000 - 0x00007ffa847f4000 	C:\Windows\System32\KERNELBASE.dll
0x00007ffa83f70000 - 0x00007ffa84081000 	C:\Windows\System32\ucrtbase.dll
0x00007ffa6a790000 - 0x00007ffa6a7a8000 	c:\Users\Lenovo\.vscode\extensions\redhat.java-1.54.0-win32-x64\jre\21.0.10-win32-x86_64\bin\jli.dll
0x00007ffa85550000 - 0x00007ffa856fd000 	C:\Windows\System32\USER32.dll
0x00007ffa6add0000 - 0x00007ffa6adee000 	c:\Users\Lenovo\.vscode\extensions\redhat.java-1.54.0-win32-x64\jre\21.0.10-win32-x86_64\bin\VCRUNTIME140.dll
0x00007ffa70e40000 - 0x00007ffa710e5000 	C:\Windows\WinSxS\amd64_microsoft.windows.common-controls_6595b64144ccf1df_6.0.22000.120_none_9d947278b86cc467\COMCTL32.dll
0x00007ffa84de0000 - 0x00007ffa84e83000 	C:\Windows\System32\msvcrt.dll
0x00007ffa84ad0000 - 0x00007ffa84afa000 	C:\Windows\System32\GDI32.dll
0x00007ffa84320000 - 0x00007ffa84346000 	C:\Windows\System32\win32u.dll
0x00007ffa84350000 - 0x00007ffa8446e000 	C:\Windows\System32\gdi32full.dll
0x00007ffa84280000 - 0x00007ffa8431d000 	C:\Windows\System32\msvcp_win.dll
0x00007ffa85510000 - 0x00007ffa85541000 	C:\Windows\System32\IMM32.DLL
0x00007ffa80fb0000 - 0x00007ffa80fbc000 	c:\Users\Lenovo\.vscode\extensions\redhat.java-1.54.0-win32-x64\jre\21.0.10-win32-x86_64\bin\vcruntime140_1.dll
0x00007ffa3b5f0000 - 0x00007ffa3b67d000 	c:\Users\Lenovo\.vscode\extensions\redhat.java-1.54.0-win32-x64\jre\21.0.10-win32-x86_64\bin\msvcp140.dll
0x00007ff9dc750000 - 0x00007ff9dd4f1000 	c:\Users\Lenovo\.vscode\extensions\redhat.java-1.54.0-win32-x64\jre\21.0.10-win32-x86_64\bin\server\jvm.dll
0x00007ffa85700000 - 0x00007ffa857ae000 	C:\Windows\System32\ADVAPI32.dll
0x00007ffa85be0000 - 0x00007ffa85c7e000 	C:\Windows\System32\sechost.dll
0x00007ffa85a40000 - 0x00007ffa85b61000 	C:\Windows\System32\RPCRT4.dll
0x00007ffa85120000 - 0x00007ffa8518f000 	C:\Windows\System32\WS2_32.dll
0x00007ffa837f0000 - 0x00007ffa8383d000 	C:\Windows\SYSTEM32\POWRPROF.dll
0x00007ffa7d510000 - 0x00007ffa7d543000 	C:\Windows\SYSTEM32\WINMM.dll
0x00007ffa7e5b0000 - 0x00007ffa7e5ba000 	C:\Windows\SYSTEM32\VERSION.dll
0x00007ffa83630000 - 0x00007ffa83643000 	C:\Windows\SYSTEM32\UMPDC.dll
0x00007ffa82fe0000 - 0x00007ffa82ff8000 	C:\Windows\SYSTEM32\kernel.appcore.dll
0x00007ffa7ffc0000 - 0x00007ffa7ffca000 	c:\Users\Lenovo\.vscode\extensions\redhat.java-1.54.0-win32-x64\jre\21.0.10-win32-x86_64\bin\jimage.dll
0x00007ffa818f0000 - 0x00007ffa81b11000 	C:\Windows\SYSTEM32\DBGHELP.DLL
0x00007ffa5e0f0000 - 0x00007ffa5e121000 	C:\Windows\SYSTEM32\dbgcore.DLL
0x00007ffa84090000 - 0x00007ffa8410f000 	C:\Windows\System32\bcryptPrimitives.dll
0x00007ffa64770000 - 0x00007ffa6477f000 	c:\Users\Lenovo\.vscode\extensions\redhat.java-1.54.0-win32-x64\jre\21.0.10-win32-x86_64\bin\instrument.dll
0x00007ffa62890000 - 0x00007ffa628b0000 	c:\Users\Lenovo\.vscode\extensions\redhat.java-1.54.0-win32-x64\jre\21.0.10-win32-x86_64\bin\java.dll
0x00007ffa862d0000 - 0x00007ffa86a95000 	C:\Windows\System32\SHELL32.dll
0x00007ffa82040000 - 0x00007ffa828a2000 	C:\Windows\SYSTEM32\windows.storage.dll
0x00007ffa85190000 - 0x00007ffa85506000 	C:\Windows\System32\combase.dll
0x00007ffa81ed0000 - 0x00007ffa82037000 	C:\Windows\SYSTEM32\wintypes.dll
0x00007ffa84ce0000 - 0x00007ffa84dca000 	C:\Windows\System32\SHCORE.dll
0x00007ffa849c0000 - 0x00007ffa84a1d000 	C:\Windows\System32\shlwapi.dll
0x00007ffa83ea0000 - 0x00007ffa83ec5000 	C:\Windows\SYSTEM32\profapi.dll
0x00007ffa61e40000 - 0x00007ffa61e58000 	c:\Users\Lenovo\.vscode\extensions\redhat.java-1.54.0-win32-x64\jre\21.0.10-win32-x86_64\bin\zip.dll
0x00007ffa62ba0000 - 0x00007ffa62bb0000 	C:\Users\Lenovo\.vscode\extensions\redhat.java-1.54.0-win32-x64\jre\21.0.10-win32-x86_64\bin\net.dll
0x00007ffa7eb70000 - 0x00007ffa7ec84000 	C:\Windows\SYSTEM32\WINHTTP.dll
0x00007ffa83500000 - 0x00007ffa83567000 	C:\Windows\system32\mswsock.dll
0x00007ffa61e20000 - 0x00007ffa61e36000 	C:\Users\Lenovo\.vscode\extensions\redhat.java-1.54.0-win32-x64\jre\21.0.10-win32-x86_64\bin\nio.dll
0x00007ffa62880000 - 0x00007ffa62890000 	c:\Users\Lenovo\.vscode\extensions\redhat.java-1.54.0-win32-x64\jre\21.0.10-win32-x86_64\bin\verify.dll
0x00007ffa38930000 - 0x00007ffa38975000 	C:\Users\Lenovo\AppData\Roaming\Code\User\globalStorage\redhat.java\1.54.0\config_win\org.eclipse.equinox.launcher\org.eclipse.equinox.launcher.win32.win32.x86_64_1.3.0.v20260203-2149\eclipse_11919.dll
0x00007ffa85c80000 - 0x00007ffa85e1a000 	C:\Windows\System32\ole32.dll
0x00007ffa617b0000 - 0x00007ffa617ba000 	C:\Users\Lenovo\.vscode\extensions\redhat.java-1.54.0-win32-x64\jre\21.0.10-win32-x86_64\bin\management.dll
0x00007ffa604d0000 - 0x00007ffa604dc000 	C:\Users\Lenovo\.vscode\extensions\redhat.java-1.54.0-win32-x64\jre\21.0.10-win32-x86_64\bin\management_ext.dll
0x00007ffa85030000 - 0x00007ffa85038000 	C:\Windows\System32\PSAPI.DLL
0x00007ffa83770000 - 0x00007ffa83788000 	C:\Windows\SYSTEM32\CRYPTSP.dll
0x00007ffa82f40000 - 0x00007ffa82f75000 	C:\Windows\system32\rsaenh.dll
0x00007ffa83600000 - 0x00007ffa8362c000 	C:\Windows\SYSTEM32\USERENV.dll
0x00007ffa83940000 - 0x00007ffa83967000 	C:\Windows\SYSTEM32\bcrypt.dll
0x00007ffa83790000 - 0x00007ffa8379c000 	C:\Windows\SYSTEM32\CRYPTBASE.dll
0x00007ffa82b00000 - 0x00007ffa82b2d000 	C:\Windows\SYSTEM32\IPHLPAPI.DLL
0x00007ffa84dd0000 - 0x00007ffa84dd9000 	C:\Windows\System32\NSI.dll
0x00007ffa37410000 - 0x00007ffa37459000 	C:\Users\Lenovo\AppData\Local\Temp\jna--2022488749\jna2236889964713838113.dll
0x00007ffa7eac0000 - 0x00007ffa7ead9000 	C:\Windows\SYSTEM32\dhcpcsvc6.DLL
0x00007ffa7ef70000 - 0x00007ffa7ef8e000 	C:\Windows\SYSTEM32\dhcpcsvc.DLL

JVMTI agents:
c:\Users\Lenovo\.vscode\extensions\redhat.java-1.54.0-win32-x64\lombok\lombok-1.18.39-4050.jar path:c:\Users\Lenovo\.vscode\extensions\redhat.java-1.54.0-win32-x64\jre\21.0.10-win32-x86_64\bin\instrument.dll, loaded, initialized, instrumentlib options:none

dbghelp: loaded successfully - version: 4.0.5 - missing functions: none
symbol engine: initialized successfully - sym options: 0x614 - pdb path: .;c:\Users\Lenovo\.vscode\extensions\redhat.java-1.54.0-win32-x64\jre\21.0.10-win32-x86_64\bin;C:\Windows\SYSTEM32;C:\Windows\WinSxS\amd64_microsoft.windows.common-controls_6595b64144ccf1df_6.0.22000.120_none_9d947278b86cc467;c:\Users\Lenovo\.vscode\extensions\redhat.java-1.54.0-win32-x64\jre\21.0.10-win32-x86_64\bin\server;C:\Users\Lenovo\AppData\Roaming\Code\User\globalStorage\redhat.java\1.54.0\config_win\org.eclipse.equinox.launcher\org.eclipse.equinox.launcher.win32.win32.x86_64_1.3.0.v20260203-2149;C:\Users\Lenovo\AppData\Local\Temp\jna--2022488749

VM Arguments:
jvm_args: --add-modules=ALL-SYSTEM --add-opens=java.base/java.util=ALL-UNNAMED --add-opens=java.base/java.lang=ALL-UNNAMED --add-opens=java.base/sun.nio.fs=ALL-UNNAMED -Declipse.application=org.eclipse.jdt.ls.core.id1 -Dosgi.bundles.defaultStartLevel=4 -Declipse.product=org.eclipse.jdt.ls.core.product -Djava.import.generatesMetadataFilesAtProjectRoot=false -DDetectVMInstallationsJob.disabled=true -Dfile.encoding=utf8 -XX:+UseParallelGC -XX:GCTimeRatio=4 -XX:AdaptiveSizePolicyWeight=90 -Dsun.zip.disableMemoryMapping=true -Xmx2G -Xms100m -Xlog:disable -javaagent:c:\Users\Lenovo\.vscode\extensions\redhat.java-1.54.0-win32-x64\lombok\lombok-1.18.39-4050.jar -XX:+HeapDumpOnOutOfMemoryError -XX:HeapDumpPath=c:\Users\Lenovo\AppData\Roaming\Code\User\workspaceStorage\1e098f0ea054f958dc6b3fc76d7fbb2b\redhat.java -Daether.dependencyCollector.impl=bf 
java_command: c:\Users\Lenovo\.vscode\extensions\redhat.java-1.54.0-win32-x64\server\plugins\org.eclipse.equinox.launcher_1.7.100.v20251111-0406.jar -configuration c:\Users\Lenovo\AppData\Roaming\Code\User\globalStorage\redhat.java\1.54.0\config_win -data c:\Users\Lenovo\AppData\Roaming\Code\User\workspaceStorage\1e098f0ea054f958dc6b3fc76d7fbb2b\redhat.java\jdt_ws --pipe=\\.\pipe\lsp-9551b8487653a54ea2d7da6d465643a0-sock
java_class_path (initial): c:\Users\Lenovo\.vscode\extensions\redhat.java-1.54.0-win32-x64\server\plugins\org.eclipse.equinox.launcher_1.7.100.v20251111-0406.jar
Launcher Type: SUN_STANDARD

[Global flags]
    uintx AdaptiveSizePolicyWeight                 = 90                                        {product} {command line}
     intx CICompilerCount                          = 3                                         {product} {ergonomic}
    uintx GCTimeRatio                              = 4                                         {product} {command line}
     bool HeapDumpOnOutOfMemoryError               = true                                   {manageable} {command line}
    ccstr HeapDumpPath                             = c:\Users\Lenovo\AppData\Roaming\Code\User\workspaceStorage\1e098f0ea054f958dc6b3fc76d7fbb2b\redhat.java         {manageable} {command line}
   size_t InitialHeapSize                          = 104857600                                 {product} {command line}
   size_t MaxHeapSize                              = 2147483648                                {product} {command line}
   size_t MaxNewSize                               = 715653120                                 {product} {ergonomic}
   size_t MinHeapDeltaBytes                        = 524288                                    {product} {ergonomic}
   size_t MinHeapSize                              = 104857600                                 {product} {command line}
   size_t NewSize                                  = 34603008                                  {product} {ergonomic}
    uintx NonNMethodCodeHeapSize                   = 5832780                                {pd product} {ergonomic}
    uintx NonProfiledCodeHeapSize                  = 122912730                              {pd product} {ergonomic}
   size_t OldSize                                  = 70254592                                  {product} {ergonomic}
    uintx ProfiledCodeHeapSize                     = 122912730                              {pd product} {ergonomic}
    uintx ReservedCodeCacheSize                    = 251658240                              {pd product} {ergonomic}
     bool SegmentedCodeCache                       = true                                      {product} {ergonomic}
   size_t SoftMaxHeapSize                          = 2147483648                             {manageable} {ergonomic}
     bool UseCompressedOops                        = true                           {product lp64_product} {ergonomic}
     bool UseLargePagesIndividualAllocation        = false                                  {pd product} {ergonomic}
     bool UseParallelGC                            = true                                      {product} {command line}

Logging:
Log output configuration:
 #0: stdout all=off uptime,level,tags foldmultilines=false
 #1: stderr all=off uptime,level,tags foldmultilines=false

Release file:
JAVA_VERSION="21.0.10" 
MODULES="java.base java.compiler java.datatransfer java.xml java.prefs java.desktop java.instrument java.logging java.management java.security.sasl java.naming java.rmi java.management.rmi java.net.http java.scripting java.security.jgss java.transaction.xa java.sql java.sql.rowset java.xml.crypto java.se java.smartcardio jdk.accessibility jdk.internal.jvmstat jdk.attach jdk.charsets jdk.internal.opt jdk.zipfs jdk.compiler jdk.crypto.ec jdk.crypto.cryptoki jdk.crypto.mscapi jdk.dynalink jdk.internal.ed jdk.editpad jdk.hotspot.agent jdk.httpserver jdk.internal.le jdk.internal.vm.ci jdk.internal.vm.compiler jdk.internal.vm.compiler.management jdk.jartool jdk.javadoc jdk.jcmd jdk.management jdk.management.agent jdk.jconsole jdk.jdeps jdk.jdwp.agent jdk.jdi jdk.jfr jdk.jshell jdk.jsobject jdk.jstatd jdk.localedata jdk.management.jfr jdk.naming.dns jdk.naming.rmi jdk.net jdk.nio.mapmode jdk.random jdk.sctp jdk.security.auth jdk.security.jgss jdk.unsupported jdk.unsupported.desktop jdk.xml.dom" 

Environment Variables:
PATH=D:\oracle23\dbhomeFree\bin;D:\Oracle23ai_DB_NewInstall\dbhomeFree\bin;C:\app\Lenovo\product\23ai\dbhomeFree\bin;C:\Program Files\Java\jdk-24\bin;C:\Program Files\Common Files\Oracle\Java\javapath;C:\Windows\system32;C:\Windows;C:\Windows\System32\Wbem;C:\Windows\System32\WindowsPowerShell\v1.0\;C:\Windows\System32\OpenSSH\;C:\Program Files\Microsoft VS Code\bin;C:\xampp\mysql\bin;D:\xampp2\mysql\bin;C:\Program Files\nodejs\;D:\xampp2\php;C:\ProgramData\ComposerSetup\bin;C:\Program Files\Git\cmd;C:\Users\Lenovo\.local\bin;C:\Users\Lenovo\AppData\Local\Microsoft\WindowsApps;C:\Users\Lenovo\AppData\Local\GitHubDesktop\bin;C:\Users\Lenovo\AppData\Roaming\npm;C:\Users\Lenovo\AppData\Roaming\Composer\vendor\bin;C:\Users\Lenovo\AppData\Roaming\npm;
USERNAME=Lenovo
OS=Windows_NT
PROCESSOR_IDENTIFIER=Intel64 Family 6 Model 140 Stepping 1, GenuineIntel
TMP=C:\Users\Lenovo\AppData\Local\Temp
TEMP=C:\Users\Lenovo\AppData\Local\Temp




Periodic native trim disabled

---------------  S Y S T E M  ---------------

OS:
 Windows 11 , 64 bit Build 22000 (10.0.22000.2538)
OS uptime: 1 days 8:30 hours

CPU: total 4 (initial active 4) (2 cores per cpu, 2 threads per core) family 6 model 140 stepping 1 microcode 0xb6, cx8, cmov, fxsr, ht, mmx, 3dnowpref, sse, sse2, sse3, ssse3, sse4.1, sse4.2, popcnt, lzcnt, tsc, tscinvbit, avx, avx2, aes, erms, clmul, bmi1, bmi2, adx, avx512f, avx512dq, avx512cd, avx512bw, avx512vl, sha, fma, vzeroupper, avx512_vpopcntdq, avx512_vpclmulqdq, avx512_vaes, avx512_vnni, clflush, clflushopt, clwb, avx512_vbmi2, avx512_vbmi, rdtscp, rdpid, fsrm, gfni, avx512_bitalg, f16c, pku, cet_ibt, cet_ss, avx512_ifma
Processor Information for the first 4 processors :
  Max Mhz: 2995, Current Mhz: 2995, Mhz Limit: 2995

Memory: 4k page, system-wide physical 7991M (252M free)
TotalPageFile size 17302M (AvailPageFile size 7M)
current process WorkingSet (physical memory assigned to process): 187M, peak: 187M
current process commit charge ("private bytes"): 298M, peak: 298M

vm_info: OpenJDK 64-Bit Server VM (21.0.10+7-LTS) for windows-amd64 JRE (21.0.10+7-LTS), built on 2026-01-20T00:00:00Z by "admin" with MS VC++ 17.12 (VS2022)

END.
